<?xml version="1.0" encoding="UTF-8"?>
<robot generator="Robot 4.1.1 (Python 3.9.7 on win32)" generated="20211028 16:52:14.110" rpa="false" schemaversion="2">
<suite id="s1" name="Desafio Web" source="C:\Users\Costa\Desktop\primeherorep\desafioweb\tests\desafio_web.robot">
<test id="s1-t1" name="Caso de Teste 02 Pesquisar produto inexistente">
<kw name="Inicia Sessão" library="hooks" type="SETUP">
<kw name="Open Browser" library="SeleniumLibrary">
<arg>${URL}</arg>
<arg>${BROWSER}</arg>
<doc>Opens a new browser instance to the optional ``url``.</doc>
<msg timestamp="20211028 16:52:14.652" level="INFO">Opening browser 'chrome' to base url 'http://automationpractice.com'.</msg>
<status status="PASS" starttime="20211028 16:52:14.651" endtime="20211028 16:52:29.096"/>
</kw>
<kw name="Maximize Browser Window" library="SeleniumLibrary">
<doc>Maximizes current browser window.</doc>
<status status="PASS" starttime="20211028 16:52:29.096" endtime="20211028 16:52:29.267"/>
</kw>
<status status="PASS" starttime="20211028 16:52:14.650" endtime="20211028 16:52:29.267"/>
</kw>
<kw name="Acessar a página home do site Automation Practice" library="kws_desafioweb">
<kw name="Title Should Be" library="SeleniumLibrary">
<arg>${HOME.TITLE}</arg>
<doc>Verifies that the current page title equals ``title``.</doc>
<msg timestamp="20211028 16:52:29.316" level="INFO">Page title is 'My Store'.</msg>
<status status="PASS" starttime="20211028 16:52:29.270" endtime="20211028 16:52:29.316"/>
</kw>
<kw name="Wait Until Element Is Visible" library="SeleniumLibrary">
<arg>xpath=${HOME.MENU_CATEGORIAS}</arg>
<doc>Waits until the element ``locator`` is visible.</doc>
<status status="PASS" starttime="20211028 16:52:29.317" endtime="20211028 16:52:29.358"/>
</kw>
<status status="PASS" starttime="20211028 16:52:29.269" endtime="20211028 16:52:29.359"/>
</kw>
<kw name="Digitar o nome do produto &quot;${HOME.PRODUTO_INEXISTENTE}&quot; no campo de pesquisa" library="kws_desafioweb" sourcename="Digitar o nome do produto &quot;${PRODUTO}&quot; no campo de pesquisa">
<kw name="Input Text" library="SeleniumLibrary">
<arg>id=${HOME.PESQUISA_INPUT}</arg>
<arg>${PRODUTO}</arg>
<doc>Types the given ``text`` into the text field identified by ``locator``.</doc>
<msg timestamp="20211028 16:52:29.364" level="INFO">Typing text 'margarina' into text field 'id=search_query_top'.</msg>
<status status="PASS" starttime="20211028 16:52:29.362" endtime="20211028 16:52:29.518"/>
</kw>
<status status="PASS" starttime="20211028 16:52:29.360" endtime="20211028 16:52:29.519"/>
</kw>
<kw name="Clicar no botão pesquisar" library="kws_desafioweb">
<kw name="Click Element" library="SeleniumLibrary">
<arg>name=${HOME.PESQUISA_BTN}</arg>
<doc>Click the element identified by ``locator``.</doc>
<msg timestamp="20211028 16:52:29.522" level="INFO">Clicking element 'name=submit_search'.</msg>
<status status="PASS" starttime="20211028 16:52:29.521" endtime="20211028 16:52:32.960"/>
</kw>
<status status="PASS" starttime="20211028 16:52:29.520" endtime="20211028 16:52:32.961"/>
</kw>
<kw name="Conferir mensagem de erro &quot;${SEARCHRESULT.ERRO_MENSAGEM}&quot;" library="kws_desafioweb" sourcename="Conferir mensagem de erro &quot;${SEARCHRESULT.ERRO_MENSAGEM}&quot;">
<kw name="Page Should Contain Element" library="SeleniumLibrary">
<arg>xpath=${SEARCHRESULT.ERRO_LOCATOR}</arg>
<doc>Verifies that element ``locator`` is found on the current page.</doc>
<msg timestamp="20211028 16:52:33.000" level="INFO">Current page contains element 'xpath=//p[@class='alert alert-warning']'.</msg>
<status status="PASS" starttime="20211028 16:52:32.966" endtime="20211028 16:52:33.000"/>
</kw>
<kw name="Get WebElement" library="SeleniumLibrary">
<var>${SEARCHRESULT.ERRO_LOCATOR}</var>
<arg>${SEARCHRESULT.ERRO_LOCATOR}</arg>
<doc>Returns the first WebElement matching the given ``locator``.</doc>
<msg timestamp="20211028 16:52:33.016" level="INFO">${SEARCHRESULT.ERRO_LOCATOR} = &lt;selenium.webdriver.remote.webelement.WebElement (session="9577214362b6ee98c1dc728bbc65b4b6", element="9b3d1ef1-560a-4936-bf7b-6d9286f90233")&gt;</msg>
<status status="PASS" starttime="20211028 16:52:33.001" endtime="20211028 16:52:33.016"/>
</kw>
<kw name="Should Be Equal" library="BuiltIn">
<arg>${SEARCHRESULT.ERRO_LOCATOR.text}</arg>
<arg>${SEARCHRESULT.ERRO_MENSAGEM}</arg>
<doc>Fails if the given objects are unequal.</doc>
<status status="PASS" starttime="20211028 16:52:33.016" endtime="20211028 16:52:33.038"/>
</kw>
<kw name="Log" library="BuiltIn">
<arg>${SEARCHRESULT.ERRO_LOCATOR.text}</arg>
<doc>Logs the given message with the given level.</doc>
<msg timestamp="20211028 16:52:33.049" level="INFO">No results were found for your search "margarina"</msg>
<status status="PASS" starttime="20211028 16:52:33.038" endtime="20211028 16:52:33.050"/>
</kw>
<status status="PASS" starttime="20211028 16:52:32.963" endtime="20211028 16:52:33.050"/>
</kw>
<kw name="Encerra Sessão" library="hooks" type="TEARDOWN">
<kw name="Set Screenshot Directory" library="SeleniumLibrary">
<arg>../primeherorep/screenshots/</arg>
<doc>Sets the directory for captured screenshots.</doc>
<status status="PASS" starttime="20211028 16:52:33.052" endtime="20211028 16:52:33.053"/>
</kw>
<kw name="Capture Page Screenshot" library="SeleniumLibrary">
<doc>Takes a screenshot of the current page and embeds it into a log file.</doc>
<msg timestamp="20211028 16:52:33.234" level="INFO" html="true">&lt;/td&gt;&lt;/tr&gt;&lt;tr&gt;&lt;td colspan="3"&gt;&lt;a href="../../screenshots/selenium-screenshot-6.png"&gt;&lt;img src="../../screenshots/selenium-screenshot-6.png" width="800px"&gt;&lt;/a&gt;</msg>
<status status="PASS" starttime="20211028 16:52:33.053" endtime="20211028 16:52:33.234"/>
</kw>
<kw name="Close Browser" library="SeleniumLibrary">
<doc>Closes the current browser.</doc>
<status status="PASS" starttime="20211028 16:52:33.234" endtime="20211028 16:52:36.467"/>
</kw>
<status status="PASS" starttime="20211028 16:52:33.051" endtime="20211028 16:52:36.468"/>
</kw>
<tag>caso02</tag>
<status status="PASS" starttime="20211028 16:52:14.648" endtime="20211028 16:52:36.468"/>
</test>
<test id="s1-t2" name="Caso de Teste 03: Listar Produtos">
<kw name="Inicia Sessão" library="hooks" type="SETUP">
<kw name="Open Browser" library="SeleniumLibrary">
<arg>${URL}</arg>
<arg>${BROWSER}</arg>
<doc>Opens a new browser instance to the optional ``url``.</doc>
<msg timestamp="20211028 16:52:36.474" level="INFO">Opening browser 'chrome' to base url 'http://automationpractice.com'.</msg>
<status status="PASS" starttime="20211028 16:52:36.473" endtime="20211028 16:52:45.930"/>
</kw>
<kw name="Maximize Browser Window" library="SeleniumLibrary">
<doc>Maximizes current browser window.</doc>
<status status="PASS" starttime="20211028 16:52:45.930" endtime="20211028 16:52:46.093"/>
</kw>
<status status="PASS" starttime="20211028 16:52:36.472" endtime="20211028 16:52:46.094"/>
</kw>
<kw name="Acessar a página home do site Automation Practice" library="kws_desafioweb">
<kw name="Title Should Be" library="SeleniumLibrary">
<arg>${HOME.TITLE}</arg>
<doc>Verifies that the current page title equals ``title``.</doc>
<msg timestamp="20211028 16:52:46.108" level="INFO">Page title is 'My Store'.</msg>
<status status="PASS" starttime="20211028 16:52:46.096" endtime="20211028 16:52:46.109"/>
</kw>
<kw name="Wait Until Element Is Visible" library="SeleniumLibrary">
<arg>xpath=${HOME.MENU_CATEGORIAS}</arg>
<doc>Waits until the element ``locator`` is visible.</doc>
<status status="PASS" starttime="20211028 16:52:46.110" endtime="20211028 16:52:46.200"/>
</kw>
<status status="PASS" starttime="20211028 16:52:46.095" endtime="20211028 16:52:46.200"/>
</kw>
<kw name="Passar o mouse por cima da categoria &quot;${HOME.MENU_WOMEN}&quot; no menu principal superior da categoria" library="kws_desafioweb" sourcename="Passar o mouse por cima da categoria &quot;${HOME.MENU_WOMEN}&quot; no menu principal superior da categoria">
<kw name="Wait Until Element Is Visible" library="SeleniumLibrary">
<arg>${HOME.MENU_WOMEN}</arg>
<doc>Waits until the element ``locator`` is visible.</doc>
<status status="PASS" starttime="20211028 16:52:46.203" endtime="20211028 16:52:46.250"/>
</kw>
<kw name="Mouse Over" library="SeleniumLibrary">
<arg>${HOME.MENU_WOMEN}</arg>
<doc>Simulates hovering the mouse over the element ``locator``.</doc>
<msg timestamp="20211028 16:52:46.250" level="INFO">Simulating Mouse Over on element '//a[@title='Women']'.</msg>
<status status="PASS" starttime="20211028 16:52:46.250" endtime="20211028 16:52:46.547"/>
</kw>
<status status="PASS" starttime="20211028 16:52:46.201" endtime="20211028 16:52:46.547"/>
</kw>
<kw name="Clicar na sub categoria &quot;${SDRESSES.SUBMENU}&quot;" library="kws_desafioweb" sourcename="Clicar na sub categoria &quot;${SDRESSES.SUBMENU}&quot;">
<kw name="Wait Until Element Is Visible" library="SeleniumLibrary">
<arg>xpath=${SDRESSES.SUBMENU}</arg>
<doc>Waits until the element ``locator`` is visible.</doc>
<status status="PASS" starttime="20211028 16:52:46.550" endtime="20211028 16:52:46.598"/>
</kw>
<kw name="Click Element" library="SeleniumLibrary">
<arg>xpath=${SDRESSES.SUBMENU}</arg>
<doc>Click the element identified by ``locator``.</doc>
<msg timestamp="20211028 16:52:46.599" level="INFO">Clicking element 'xpath=//a[@title='Summer Dresses']'.</msg>
<status status="PASS" starttime="20211028 16:52:46.599" endtime="20211028 16:52:48.796"/>
</kw>
<status status="PASS" starttime="20211028 16:52:46.548" endtime="20211028 16:52:48.797"/>
</kw>
<kw name="Conferir se os produtos da sub-categoria &quot;${SDRESSES.SUBMENU}&quot; foram mostrados na página" library="kws_desafioweb" sourcename="Conferir se os produtos da sub-categoria &quot;${SDRESSES_SUBMENU}&quot; foram mostrados na página">
<kw name="Title Should Be" library="SeleniumLibrary">
<arg>${SDRESSES.TITLE}</arg>
<doc>Verifies that the current page title equals ``title``.</doc>
<msg timestamp="20211028 16:52:48.809" level="INFO">Page title is 'Summer Dresses - My Store'.</msg>
<status status="PASS" starttime="20211028 16:52:48.800" endtime="20211028 16:52:48.810"/>
</kw>
<kw name="Page Should Contain Element" library="SeleniumLibrary">
<arg>xpath=${SDRESSES.CTGHEADER}</arg>
<doc>Verifies that element ``locator`` is found on the current page.</doc>
<msg timestamp="20211028 16:52:48.834" level="INFO">Current page contains element 'xpath=//span[@class='cat-name'][contains(.,'Summer Dresses')]'.</msg>
<status status="PASS" starttime="20211028 16:52:48.810" endtime="20211028 16:52:48.835"/>
</kw>
<kw name="Element Should Be Visible" library="SeleniumLibrary">
<arg>xpath=${SDRESSES.CONTAINER_PRODUTOS}</arg>
<doc>Verifies that the element identified by ``locator`` is visible.</doc>
<msg timestamp="20211028 16:52:48.859" level="INFO">Element 'xpath=//span[@class='cat-name'][contains(.,'Summer Dresses')]' is displayed.</msg>
<status status="PASS" starttime="20211028 16:52:48.835" endtime="20211028 16:52:48.859"/>
</kw>
<status status="PASS" starttime="20211028 16:52:48.799" endtime="20211028 16:52:48.860"/>
</kw>
<kw name="Encerra Sessão" library="hooks" type="TEARDOWN">
<kw name="Set Screenshot Directory" library="SeleniumLibrary">
<arg>../primeherorep/screenshots/</arg>
<doc>Sets the directory for captured screenshots.</doc>
<status status="PASS" starttime="20211028 16:52:48.861" endtime="20211028 16:52:48.862"/>
</kw>
<kw name="Capture Page Screenshot" library="SeleniumLibrary">
<doc>Takes a screenshot of the current page and embeds it into a log file.</doc>
<msg timestamp="20211028 16:52:49.151" level="INFO" html="true">&lt;/td&gt;&lt;/tr&gt;&lt;tr&gt;&lt;td colspan="3"&gt;&lt;a href="../../screenshots/selenium-screenshot-7.png"&gt;&lt;img src="../../screenshots/selenium-screenshot-7.png" width="800px"&gt;&lt;/a&gt;</msg>
<status status="PASS" starttime="20211028 16:52:48.862" endtime="20211028 16:52:49.152"/>
</kw>
<kw name="Close Browser" library="SeleniumLibrary">
<doc>Closes the current browser.</doc>
<status status="PASS" starttime="20211028 16:52:49.152" endtime="20211028 16:52:51.620"/>
</kw>
<status status="PASS" starttime="20211028 16:52:48.860" endtime="20211028 16:52:51.621"/>
</kw>
<tag>caso03</tag>
<status status="PASS" starttime="20211028 16:52:36.471" endtime="20211028 16:52:51.621"/>
</test>
<test id="s1-t3" name="Caso de Teste 04: Adicionar Cliente">
<kw name="Inicia Sessão" library="hooks" type="SETUP">
<kw name="Open Browser" library="SeleniumLibrary">
<arg>${URL}</arg>
<arg>${BROWSER}</arg>
<doc>Opens a new browser instance to the optional ``url``.</doc>
<msg timestamp="20211028 16:52:51.626" level="INFO">Opening browser 'chrome' to base url 'http://automationpractice.com'.</msg>
<status status="PASS" starttime="20211028 16:52:51.626" endtime="20211028 16:53:00.242"/>
</kw>
<kw name="Maximize Browser Window" library="SeleniumLibrary">
<doc>Maximizes current browser window.</doc>
<status status="PASS" starttime="20211028 16:53:00.242" endtime="20211028 16:53:00.394"/>
</kw>
<status status="PASS" starttime="20211028 16:52:51.625" endtime="20211028 16:53:00.395"/>
</kw>
<kw name="Acessar a página home do site Automation Practice" library="kws_desafioweb">
<kw name="Title Should Be" library="SeleniumLibrary">
<arg>${HOME.TITLE}</arg>
<doc>Verifies that the current page title equals ``title``.</doc>
<msg timestamp="20211028 16:53:00.432" level="INFO">Page title is 'My Store'.</msg>
<status status="PASS" starttime="20211028 16:53:00.403" endtime="20211028 16:53:00.432"/>
</kw>
<kw name="Wait Until Element Is Visible" library="SeleniumLibrary">
<arg>xpath=${HOME.MENU_CATEGORIAS}</arg>
<doc>Waits until the element ``locator`` is visible.</doc>
<status status="PASS" starttime="20211028 16:53:00.432" endtime="20211028 16:53:00.556"/>
</kw>
<status status="PASS" starttime="20211028 16:53:00.401" endtime="20211028 16:53:00.556"/>
</kw>
<kw name="Clicar em &quot;Sign in&quot;" library="kws_desafioweb">
<kw name="Wait Until Element Is Visible" library="SeleniumLibrary">
<arg>xpath=${HOME.NAV}</arg>
<doc>Waits until the element ``locator`` is visible.</doc>
<status status="PASS" starttime="20211028 16:53:00.559" endtime="20211028 16:53:00.611"/>
</kw>
<kw name="Click Element" library="SeleniumLibrary">
<arg>xpath=${HOME.SIGNIN_BTN}</arg>
<doc>Click the element identified by ``locator``.</doc>
<msg timestamp="20211028 16:53:00.614" level="INFO">Clicking element 'xpath=//a[@class='login']'.</msg>
<status status="PASS" starttime="20211028 16:53:00.612" endtime="20211028 16:53:02.053"/>
</kw>
<status status="PASS" starttime="20211028 16:53:00.557" endtime="20211028 16:53:02.054"/>
</kw>
<kw name="Informar um e-mail válido" library="kws_desafioweb">
<kw name="Title Should Be" library="SeleniumLibrary">
<arg>${LOGIN.TITLE}</arg>
<doc>Verifies that the current page title equals ``title``.</doc>
<msg timestamp="20211028 16:53:02.086" level="INFO">Page title is 'Login - My Store'.</msg>
<status status="PASS" starttime="20211028 16:53:02.068" endtime="20211028 16:53:02.087"/>
</kw>
<kw name="Wait Until Element Is Visible" library="SeleniumLibrary">
<arg>${LOGIN.FORM}</arg>
<doc>Waits until the element ``locator`` is visible.</doc>
<status status="PASS" starttime="20211028 16:53:02.087" endtime="20211028 16:53:03.199"/>
</kw>
<kw name="Input Text" library="SeleniumLibrary">
<arg>${LOGIN.EMAIL_INPUT}</arg>
<arg>${USER.EMAIL}</arg>
<doc>Types the given ``text`` into the text field identified by ``locator``.</doc>
<msg timestamp="20211028 16:53:03.202" level="INFO">Typing text 'emaildeexemplo01@dominio.com' into text field 'email_create'.</msg>
<status status="PASS" starttime="20211028 16:53:03.200" endtime="20211028 16:53:03.482"/>
</kw>
<kw name="Click Element" library="SeleniumLibrary">
<arg>id:${LOGIN.FORM}</arg>
<doc>Click the element identified by ``locator``.</doc>
<msg timestamp="20211028 16:53:03.484" level="INFO">Clicking element 'id:create-account_form'.</msg>
<status status="PASS" starttime="20211028 16:53:03.482" endtime="20211028 16:53:03.582"/>
</kw>
<kw name="Wait Until Element Is Visible" library="SeleniumLibrary">
<arg>xpath=${LOGIN.EMAIL_VALIDATE}</arg>
<doc>Waits until the element ``locator`` is visible.</doc>
<status status="PASS" starttime="20211028 16:53:03.583" endtime="20211028 16:53:03.617"/>
</kw>
<status status="PASS" starttime="20211028 16:53:02.067" endtime="20211028 16:53:03.617"/>
</kw>
<kw name="Clicar em &quot;Create an account&quot;" library="kws_desafioweb">
<kw name="Click Element" library="SeleniumLibrary">
<arg>id=${LOGIN.SUBMIT_BTN}</arg>
<doc>Click the element identified by ``locator``.</doc>
<msg timestamp="20211028 16:53:03.622" level="INFO">Clicking element 'id=SubmitCreate'.</msg>
<status status="PASS" starttime="20211028 16:53:03.620" endtime="20211028 16:53:03.714"/>
</kw>
<status status="PASS" starttime="20211028 16:53:03.618" endtime="20211028 16:53:03.714"/>
</kw>
<kw name="Preencher os dados obrigatórios" library="kws_desafioweb">
<kw name="Wait Until Element Is Visible" library="SeleniumLibrary">
<arg>${PGCADASTRO.FORM2}</arg>
<doc>Waits until the element ``locator`` is visible.</doc>
<status status="PASS" starttime="20211028 16:53:03.716" endtime="20211028 16:53:05.510"/>
</kw>
<kw name="Validar sexo do Usuário" library="functions">
<if>
<branch type="IF" condition="'${USER.SEXO}'=='Masculino'">
<kw name="Set Variable" library="BuiltIn">
<var>${SEXO.VALID}</var>
<arg>${SEXO.M}</arg>
<doc>Returns the given values which can then be assigned to a variables.</doc>
<msg timestamp="20211028 16:53:05.515" level="INFO">${SEXO.VALID} = 1</msg>
<status status="PASS" starttime="20211028 16:53:05.514" endtime="20211028 16:53:05.515"/>
</kw>
<status status="PASS" starttime="20211028 16:53:05.513" endtime="20211028 16:53:05.515"/>
</branch>
<branch type="ELSE IF" condition="'${USER.SEXO}'=='Feminino'">
<kw name="Set Variable" library="BuiltIn">
<var>${SEXO.VALID}</var>
<arg>${SEXO.F}</arg>
<doc>Returns the given values which can then be assigned to a variables.</doc>
<status status="NOT RUN" starttime="20211028 16:53:05.516" endtime="20211028 16:53:05.516"/>
</kw>
<status status="NOT RUN" starttime="20211028 16:53:05.516" endtime="20211028 16:53:05.516"/>
</branch>
<status status="PASS" starttime="20211028 16:53:05.511" endtime="20211028 16:53:05.516"/>
</if>
<status status="PASS" starttime="20211028 16:53:05.510" endtime="20211028 16:53:05.516"/>
</kw>
<kw name="Select Radio Button" library="SeleniumLibrary">
<arg>${PGCADASTRO.RADIO_GENDER_FML}</arg>
<arg>${SEXO.VALID}</arg>
<doc>Sets the radio button group ``group_name`` to ``value``.</doc>
<msg timestamp="20211028 16:53:05.519" level="INFO">Selecting '1' from radio button 'id_gender'.</msg>
<status status="PASS" starttime="20211028 16:53:05.517" endtime="20211028 16:53:05.678"/>
</kw>
<kw name="Radio Button Should Be Set To" library="SeleniumLibrary">
<arg>${PGCADASTRO.RADIO_GENDER_FML}</arg>
<arg>${SEXO.VALID}</arg>
<doc>Verifies radio button group ``group_name`` is set to ``value``.</doc>
<msg timestamp="20211028 16:53:05.683" level="INFO">Verifying radio button 'id_gender' has selection '1'.</msg>
<status status="PASS" starttime="20211028 16:53:05.678" endtime="20211028 16:53:05.721"/>
</kw>
<kw name="Input Text" library="SeleniumLibrary">
<arg>id=${PGCADASTRO.INPUT_NOME}</arg>
<arg>${USER.NOME}</arg>
<doc>Types the given ``text`` into the text field identified by ``locator``.</doc>
<msg timestamp="20211028 16:53:05.724" level="INFO">Typing text 'Henri' into text field 'id=customer_firstname'.</msg>
<status status="PASS" starttime="20211028 16:53:05.721" endtime="20211028 16:53:05.927"/>
</kw>
<kw name="Input Text" library="SeleniumLibrary">
<arg>id=${PGCADASTRO.INPUT_SOBRENOME}</arg>
<arg>${USER.SOBRENOME}</arg>
<doc>Types the given ``text`` into the text field identified by ``locator``.</doc>
<msg timestamp="20211028 16:53:05.929" level="INFO">Typing text 'Costa' into text field 'id=customer_lastname'.</msg>
<status status="PASS" starttime="20211028 16:53:05.927" endtime="20211028 16:53:06.197"/>
</kw>
<kw name="Input Text" library="SeleniumLibrary">
<arg>id=${PGCADASTRO.INPUT_PW}</arg>
<arg>${USER.SENHA}</arg>
<doc>Types the given ``text`` into the text field identified by ``locator``.</doc>
<msg timestamp="20211028 16:53:06.202" level="INFO">Typing text '123456' into text field 'id=passwd'.</msg>
<status status="PASS" starttime="20211028 16:53:06.197" endtime="20211028 16:53:06.374"/>
</kw>
<kw name="Select From List By Value" library="SeleniumLibrary">
<arg>id=${PGCADASTRO.LSITEM_DATA}</arg>
<arg>${USER.DATA}</arg>
<doc>Selects options from selection list ``locator`` by ``values``.</doc>
<msg timestamp="20211028 16:53:06.379" level="INFO">Selecting options from selection list 'id=days' by value 20.</msg>
<status status="PASS" starttime="20211028 16:53:06.375" endtime="20211028 16:53:06.510"/>
</kw>
<kw name="Select From List By Value" library="SeleniumLibrary">
<arg>id=${PGCADASTRO.LSITEM_MES}</arg>
<arg>${USER.MES}</arg>
<doc>Selects options from selection list ``locator`` by ``values``.</doc>
<msg timestamp="20211028 16:53:06.513" level="INFO">Selecting options from selection list 'id=months' by value 11.</msg>
<status status="PASS" starttime="20211028 16:53:06.510" endtime="20211028 16:53:06.637"/>
</kw>
<kw name="Select From List By Value" library="SeleniumLibrary">
<arg>id=${PGCADASTRO.LSITEM_ANO}</arg>
<arg>${USER.ANO}</arg>
<doc>Selects options from selection list ``locator`` by ``values``.</doc>
<msg timestamp="20211028 16:53:06.641" level="INFO">Selecting options from selection list 'id=years' by value 1997.</msg>
<status status="PASS" starttime="20211028 16:53:06.638" endtime="20211028 16:53:06.754"/>
</kw>
<kw name="Select Checkbox" library="SeleniumLibrary">
<arg>id=${PGCADASTRO.CHBOX_NEWSL}</arg>
<doc>Selects the checkbox identified by ``locator``.</doc>
<msg timestamp="20211028 16:53:06.756" level="INFO">Selecting checkbox 'id=newsletter'.</msg>
<status status="PASS" starttime="20211028 16:53:06.755" endtime="20211028 16:53:06.865"/>
</kw>
<kw name="Input Text" library="SeleniumLibrary">
<arg>id=${PGCADASTRO.INPUT_EMPRESA}</arg>
<arg>${USER.EMPRESA}</arg>
<doc>Types the given ``text`` into the text field identified by ``locator``.</doc>
<msg timestamp="20211028 16:53:06.867" level="INFO">Typing text 'Prime Control' into text field 'id=company'.</msg>
<status status="PASS" starttime="20211028 16:53:06.865" endtime="20211028 16:53:07.050"/>
</kw>
<kw name="Input Text" library="SeleniumLibrary">
<arg>id=${PGCADASTRO.INPUT_ENDERECO1}</arg>
<arg>${USER.ENDERECO}</arg>
<doc>Types the given ``text`` into the text field identified by ``locator``.</doc>
<msg timestamp="20211028 16:53:07.054" level="INFO">Typing text 'Meu endereço' into text field 'id=address1'.</msg>
<status status="PASS" starttime="20211028 16:53:07.050" endtime="20211028 16:53:07.231"/>
</kw>
<kw name="Input Text" library="SeleniumLibrary">
<arg>id=${PGCADASTRO.INPUT_ENDERECO2}</arg>
<arg>${USER.COMPLEMENTO}</arg>
<doc>Types the given ``text`` into the text field identified by ``locator``.</doc>
<msg timestamp="20211028 16:53:07.235" level="INFO">Typing text 'nº 00, ap.11' into text field 'id=address2'.</msg>
<status status="PASS" starttime="20211028 16:53:07.231" endtime="20211028 16:53:07.430"/>
</kw>
<kw name="Input Text" library="SeleniumLibrary">
<arg>id=${PGCADASTRO.INPUT_CIDADE}</arg>
<arg>${USER.CIDADE}</arg>
<doc>Types the given ``text`` into the text field identified by ``locator``.</doc>
<msg timestamp="20211028 16:53:07.432" level="INFO">Typing text 'Salvador' into text field 'id=city'.</msg>
<status status="PASS" starttime="20211028 16:53:07.430" endtime="20211028 16:53:07.588"/>
</kw>
<kw name="Select From List By Value" library="SeleniumLibrary">
<arg>id=${PGCADASTRO.INPUT_ESTADO}</arg>
<arg>4</arg>
<doc>Selects options from selection list ``locator`` by ``values``.</doc>
<msg timestamp="20211028 16:53:07.592" level="INFO">Selecting options from selection list 'id=id_state' by value 4.</msg>
<status status="PASS" starttime="20211028 16:53:07.589" endtime="20211028 16:53:07.712"/>
</kw>
<kw name="Input Text" library="SeleniumLibrary">
<arg>id=${PGCADASTRO.INPUT_CEP}</arg>
<arg>${USER.CEP}</arg>
<doc>Types the given ``text`` into the text field identified by ``locator``.</doc>
<msg timestamp="20211028 16:53:07.715" level="INFO">Typing text '40000' into text field 'id=postcode'.</msg>
<status status="PASS" starttime="20211028 16:53:07.713" endtime="20211028 16:53:07.875"/>
</kw>
<kw name="Select From List By Value" library="SeleniumLibrary">
<arg>id=${PGCADASTRO.INPUT_PAIS}</arg>
<arg>21</arg>
<doc>Selects options from selection list ``locator`` by ``values``.</doc>
<msg timestamp="20211028 16:53:07.878" level="INFO">Selecting options from selection list 'id=id_country' by value 21.</msg>
<status status="PASS" starttime="20211028 16:53:07.876" endtime="20211028 16:53:07.947"/>
</kw>
<kw name="Input Text" library="SeleniumLibrary">
<arg>id=${PGCADASTRO.INPUT_FEEDBACK}</arg>
<arg>${USER.FEEDBACK}</arg>
<doc>Types the given ``text`` into the text field identified by ``locator``.</doc>
<msg timestamp="20211028 16:53:07.950" level="INFO">Typing text 'poucas ideias' into text field 'id=other'.</msg>
<status status="PASS" starttime="20211028 16:53:07.947" endtime="20211028 16:53:08.106"/>
</kw>
<kw name="Input Text" library="SeleniumLibrary">
<arg>id=${PGCADASTRO.INPUT_PHONE1}</arg>
<arg>${USER.PHONE1}</arg>
<doc>Types the given ``text`` into the text field identified by ``locator``.</doc>
<msg timestamp="20211028 16:53:08.110" level="INFO">Typing text '7199999999' into text field 'id=phone_mobile'.</msg>
<status status="PASS" starttime="20211028 16:53:08.107" endtime="20211028 16:53:08.334"/>
</kw>
<kw name="Input Text" library="SeleniumLibrary">
<arg>id=${PGCADASTRO.INPUT_PHONE2}</arg>
<arg>${USER.PHONE2}</arg>
<doc>Types the given ``text`` into the text field identified by ``locator``.</doc>
<msg timestamp="20211028 16:53:08.339" level="INFO">Typing text '7133333333' into text field 'id=phone'.</msg>
<status status="PASS" starttime="20211028 16:53:08.335" endtime="20211028 16:53:08.507"/>
</kw>
<kw name="Input Text" library="SeleniumLibrary">
<arg>id=${PGCADASTRO.INPUT_REFERENCIA}</arg>
<arg>${USER.REFERENCIA}</arg>
<doc>Types the given ``text`` into the text field identified by ``locator``.</doc>
<msg timestamp="20211028 16:53:08.510" level="INFO">Typing text 'SEGUNDA RUA' into text field 'id=alias'.</msg>
<status status="PASS" starttime="20211028 16:53:08.507" endtime="20211028 16:53:08.716"/>
</kw>
<status status="PASS" starttime="20211028 16:53:03.715" endtime="20211028 16:53:08.717"/>
</kw>
<kw name="Submeter cadastro" library="kws_desafioweb">
<kw name="Click Element" library="SeleniumLibrary">
<arg>id=${PGCADASTRO.SUBMIT_BTN}</arg>
<doc>Click the element identified by ``locator``.</doc>
<msg timestamp="20211028 16:53:08.723" level="INFO">Clicking element 'id=submitAccount'.</msg>
<status status="PASS" starttime="20211028 16:53:08.720" endtime="20211028 16:53:10.794"/>
</kw>
<status status="PASS" starttime="20211028 16:53:08.719" endtime="20211028 16:53:10.794"/>
</kw>
<kw name="Conferir se o cadastro foi efetuado com sucesso" library="kws_desafioweb">
<kw name="Element Should Not Be Visible" library="SeleniumLibrary">
<arg>css=${PGCADASTRO.ERRO}</arg>
<doc>Verifies that the element identified by ``locator`` is NOT visible.</doc>
<msg timestamp="20211028 16:53:10.829" level="INFO">Element 'css=alert alert-danger' did not exist.</msg>
<status status="PASS" starttime="20211028 16:53:10.796" endtime="20211028 16:53:10.830"/>
</kw>
<kw name="Page Should Contain Element" library="SeleniumLibrary">
<arg>xpath=${PGCADASTRO.WELCOME}</arg>
<doc>Verifies that element ``locator`` is found on the current page.</doc>
<msg timestamp="20211028 16:53:10.857" level="INFO">Current page contains element 'xpath=//p[@class='info-account']'.</msg>
<status status="PASS" starttime="20211028 16:53:10.830" endtime="20211028 16:53:10.858"/>
</kw>
<kw name="Page Should Contain Element" library="SeleniumLibrary">
<arg>xpath=${PGCADASTRO.LOGOUT_BTN}</arg>
<doc>Verifies that element ``locator`` is found on the current page.</doc>
<msg timestamp="20211028 16:53:10.882" level="INFO">Current page contains element 'xpath=//a[@class='logout']'.</msg>
<status status="PASS" starttime="20211028 16:53:10.858" endtime="20211028 16:53:10.882"/>
</kw>
<status status="PASS" starttime="20211028 16:53:10.795" endtime="20211028 16:53:10.882"/>
</kw>
<kw name="Encerra Sessão" library="hooks" type="TEARDOWN">
<kw name="Set Screenshot Directory" library="SeleniumLibrary">
<arg>../primeherorep/screenshots/</arg>
<doc>Sets the directory for captured screenshots.</doc>
<status status="PASS" starttime="20211028 16:53:10.885" endtime="20211028 16:53:10.886"/>
</kw>
<kw name="Capture Page Screenshot" library="SeleniumLibrary">
<doc>Takes a screenshot of the current page and embeds it into a log file.</doc>
<msg timestamp="20211028 16:53:11.169" level="INFO" html="true">&lt;/td&gt;&lt;/tr&gt;&lt;tr&gt;&lt;td colspan="3"&gt;&lt;a href="../../screenshots/selenium-screenshot-8.png"&gt;&lt;img src="../../screenshots/selenium-screenshot-8.png" width="800px"&gt;&lt;/a&gt;</msg>
<status status="PASS" starttime="20211028 16:53:10.886" endtime="20211028 16:53:11.169"/>
</kw>
<kw name="Close Browser" library="SeleniumLibrary">
<doc>Closes the current browser.</doc>
<status status="PASS" starttime="20211028 16:53:11.170" endtime="20211028 16:53:13.610"/>
</kw>
<status status="PASS" starttime="20211028 16:53:10.884" endtime="20211028 16:53:13.610"/>
</kw>
<tag>caso04</tag>
<status status="PASS" starttime="20211028 16:52:51.623" endtime="20211028 16:53:13.611"/>
</test>
<doc>Casos de testes Web.</doc>
<status status="PASS" starttime="20211028 16:52:14.164" endtime="20211028 16:53:13.615"/>
</suite>
<statistics>
<total>
<stat pass="3" fail="0" skip="0">All Tests</stat>
</total>
<tag>
<stat pass="1" fail="0" skip="0">caso02</stat>
<stat pass="1" fail="0" skip="0">caso03</stat>
<stat pass="1" fail="0" skip="0">caso04</stat>
</tag>
<suite>
<stat pass="3" fail="0" skip="0" id="s1" name="Desafio Web">Desafio Web</stat>
</suite>
</statistics>
<errors>
<msg timestamp="20211028 16:52:14.616" level="ERROR">Error in file 'C:\Users\Costa\Desktop\primeherorep\desafioweb\resources\keywords\kws_desafioweb.robot' on line 3: Resource file '..\package.robot ""' does not exist.</msg>
</errors>
</robot>
